<?xml version="1.0" encoding="UTF-8"?>
<testsuite name="MainTest" tests="4" skipped="0" failures="0" errors="0" timestamp="2016-11-17T18:20:37" hostname="Student3-PC" time="0.0">
  <properties/>
  <testcase name="test_api" classname="MainTest" time="0.0"/>
  <testcase name="payPalPaymentStrategy_api" classname="MainTest" time="0.0"/>
  <testcase name="paymentStrategy_payMethod_shouldRecieveCorrectTotalValue" classname="MainTest" time="0.0"/>
  <testcase name="paymentStrategy_payMethod_shouldBeCalled_whenCartPayMethodIsCalled" classname="MainTest" time="0.0"/>
  <system-out><![CDATA[]]></system-out>
  <system-err><![CDATA[]]></system-err>
</testsuite>
